2024-01-15 11:15:40
Full thread dump OpenJDK 64-Bit Server VM (17.0.9+9-Ubuntu-120.04 mixed mode, sharing):

Threads class SMR info:
_java_thread_list=0x00007ea944095d60, length=25, elements={
0x00007f6c6c013e50, 0x00007f6c6c305fc0, 0x00007f6c6c307430, 0x00007f6c6c30e090,
0x00007f6c6c30f450, 0x00007f6c6c310870, 0x00007f6c6c3122f0, 0x00007f6c6c313870,
0x00007f6c6c314d10, 0x00007f6c6c368d20, 0x00007f6c6c36b0e0, 0x00007f6c6c5e6df0,
0x00007f6c6c5f0b60, 0x00007f6c6c5f1830, 0x00007f6c6c5f61f0, 0x00007f6c6c5f2620,
0x00007f6c6c5ee470, 0x00007f6c6c5ef4d0, 0x00007ea90c019040, 0x00007ea9180064f0,
0x00007ea908003f30, 0x00007ea904003f00, 0x00007ea914004120, 0x00007ea920004b50,
0x00007ea910009650
}

"main" #1 prio=5 os_prio=0 cpu=338.05ms elapsed=6569.16s tid=0x00007f6c6c013e50 nid=0x29f7ef waiting on condition  [0x00007f6c7298e000]
   java.lang.Thread.State: TIMED_WAITING (parking)
	at jdk.internal.misc.Unsafe.park(java.base@17.0.9/Native Method)
	- parking to wait for  <0x00007eb14c3bb2e8> (a java.util.concurrent.locks.AbstractQueuedSynchronizer$ConditionObject)
	at java.util.concurrent.locks.LockSupport.parkNanos(java.base@17.0.9/LockSupport.java:252)
	at java.util.concurrent.locks.AbstractQueuedSynchronizer$ConditionObject.awaitNanos(java.base@17.0.9/AbstractQueuedSynchronizer.java:1672)
	at java.util.concurrent.ThreadPoolExecutor.awaitTermination(java.base@17.0.9/ThreadPoolExecutor.java:1464)
	at reproduction.dcidsubmit.FlowDroidRunner.main(FlowDroidRunner.java:152)

"Reference Handler" #2 daemon prio=10 os_prio=0 cpu=0.26ms elapsed=6569.12s tid=0x00007f6c6c305fc0 nid=0x29f7f6 waiting on condition  [0x00007ea9c275c000]
   java.lang.Thread.State: RUNNABLE
	at java.lang.ref.Reference.waitForReferencePendingList(java.base@17.0.9/Native Method)
	at java.lang.ref.Reference.processPendingReferences(java.base@17.0.9/Reference.java:253)
	at java.lang.ref.Reference$ReferenceHandler.run(java.base@17.0.9/Reference.java:215)

"Finalizer" #3 daemon prio=8 os_prio=0 cpu=0.52ms elapsed=6569.12s tid=0x00007f6c6c307430 nid=0x29f7f7 in Object.wait()  [0x00007ea9c265b000]
   java.lang.Thread.State: WAITING (on object monitor)
	at java.lang.Object.wait(java.base@17.0.9/Native Method)
	- waiting on <0x00007eb14e013c38> (a java.lang.ref.ReferenceQueue$Lock)
	at java.lang.ref.ReferenceQueue.remove(java.base@17.0.9/ReferenceQueue.java:155)
	- locked <0x00007eb14e013c38> (a java.lang.ref.ReferenceQueue$Lock)
	at java.lang.ref.ReferenceQueue.remove(java.base@17.0.9/ReferenceQueue.java:176)
	at java.lang.ref.Finalizer$FinalizerThread.run(java.base@17.0.9/Finalizer.java:172)

"Signal Dispatcher" #4 daemon prio=9 os_prio=0 cpu=0.40ms elapsed=6569.12s tid=0x00007f6c6c30e090 nid=0x29f7f8 waiting on condition  [0x0000000000000000]
   java.lang.Thread.State: RUNNABLE

"Service Thread" #5 daemon prio=9 os_prio=0 cpu=0.31ms elapsed=6569.12s tid=0x00007f6c6c30f450 nid=0x29f7f9 runnable  [0x0000000000000000]
   java.lang.Thread.State: RUNNABLE

"Monitor Deflation Thread" #6 daemon prio=9 os_prio=0 cpu=685.22ms elapsed=6569.12s tid=0x00007f6c6c310870 nid=0x29f7fa runnable  [0x0000000000000000]
   java.lang.Thread.State: RUNNABLE

"C2 CompilerThread0" #7 daemon prio=9 os_prio=0 cpu=263.89ms elapsed=6569.12s tid=0x00007f6c6c3122f0 nid=0x29f7fb waiting on condition  [0x0000000000000000]
   java.lang.Thread.State: RUNNABLE
   No compile task

"C1 CompilerThread0" #21 daemon prio=9 os_prio=0 cpu=192.69ms elapsed=6569.12s tid=0x00007f6c6c313870 nid=0x29f7fc waiting on condition  [0x0000000000000000]
   java.lang.Thread.State: RUNNABLE
   No compile task

"Sweeper thread" #28 daemon prio=9 os_prio=0 cpu=0.11ms elapsed=6569.12s tid=0x00007f6c6c314d10 nid=0x29f7fd runnable  [0x0000000000000000]
   java.lang.Thread.State: RUNNABLE

"Common-Cleaner" #29 daemon prio=8 os_prio=0 cpu=8.43ms elapsed=6569.11s tid=0x00007f6c6c368d20 nid=0x29f801 in Object.wait()  [0x00007ea9c16e1000]
   java.lang.Thread.State: TIMED_WAITING (on object monitor)
	at java.lang.Object.wait(java.base@17.0.9/Native Method)
	- waiting on <0x00007eb14e0d1168> (a java.lang.ref.ReferenceQueue$Lock)
	at java.lang.ref.ReferenceQueue.remove(java.base@17.0.9/ReferenceQueue.java:155)
	- locked <0x00007eb14e0d1168> (a java.lang.ref.ReferenceQueue$Lock)
	at jdk.internal.ref.CleanerImpl.run(java.base@17.0.9/CleanerImpl.java:140)
	at java.lang.Thread.run(java.base@17.0.9/Thread.java:840)
	at jdk.internal.misc.InnocuousThread.run(java.base@17.0.9/InnocuousThread.java:162)

"Notification Thread" #30 daemon prio=9 os_prio=0 cpu=0.15ms elapsed=6569.10s tid=0x00007f6c6c36b0e0 nid=0x29f802 runnable  [0x0000000000000000]
   java.lang.Thread.State: RUNNABLE

"Parallel Thread #1" #34 daemon prio=5 os_prio=0 cpu=6.86ms elapsed=6568.78s tid=0x00007f6c6c5e6df0 nid=0x29f80a in Object.wait()  [0x00007ea9c0ed9000]
   java.lang.Thread.State: WAITING (on object monitor)
	at java.lang.Object.wait(java.base@17.0.9/Native Method)
	- waiting on <0x00007eb14c3ddad8> (a java.lang.ProcessImpl)
	at java.lang.Object.wait(java.base@17.0.9/Object.java:338)
	at java.lang.ProcessImpl.waitFor(java.base@17.0.9/ProcessImpl.java:434)
	- locked <0x00007eb14c3ddad8> (a java.lang.ProcessImpl)
	at reproduction.dcidsubmit.FlowDroidRunner$2.run(FlowDroidRunner.java:144)
	at java.util.concurrent.ThreadPoolExecutor.runWorker(java.base@17.0.9/ThreadPoolExecutor.java:1136)
	at java.util.concurrent.ThreadPoolExecutor$Worker.run(java.base@17.0.9/ThreadPoolExecutor.java:635)
	at java.lang.Thread.run(java.base@17.0.9/Thread.java:840)

"Parallel Thread #2" #35 daemon prio=5 os_prio=0 cpu=22.33ms elapsed=6568.78s tid=0x00007f6c6c5f0b60 nid=0x29f80b in Object.wait()  [0x00007ea9c0d4d000]
   java.lang.Thread.State: WAITING (on object monitor)
	at java.lang.Object.wait(java.base@17.0.9/Native Method)
	- waiting on <0x00007eb14c6130b0> (a java.lang.ProcessImpl)
	at java.lang.Object.wait(java.base@17.0.9/Object.java:338)
	at java.lang.ProcessImpl.waitFor(java.base@17.0.9/ProcessImpl.java:434)
	- locked <0x00007eb14c6130b0> (a java.lang.ProcessImpl)
	at reproduction.dcidsubmit.FlowDroidRunner$2.run(FlowDroidRunner.java:144)
	at java.util.concurrent.ThreadPoolExecutor.runWorker(java.base@17.0.9/ThreadPoolExecutor.java:1136)
	at java.util.concurrent.ThreadPoolExecutor$Worker.run(java.base@17.0.9/ThreadPoolExecutor.java:635)
	at java.lang.Thread.run(java.base@17.0.9/Thread.java:840)

"Parallel Thread #3" #36 daemon prio=5 os_prio=0 cpu=20.97ms elapsed=6568.78s tid=0x00007f6c6c5f1830 nid=0x29f80c in Object.wait()  [0x00007ea9c0c4c000]
   java.lang.Thread.State: WAITING (on object monitor)
	at java.lang.Object.wait(java.base@17.0.9/Native Method)
	- waiting on <0x00007eb14c7f5598> (a java.lang.ProcessImpl)
	at java.lang.Object.wait(java.base@17.0.9/Object.java:338)
	at java.lang.ProcessImpl.waitFor(java.base@17.0.9/ProcessImpl.java:434)
	- locked <0x00007eb14c7f5598> (a java.lang.ProcessImpl)
	at reproduction.dcidsubmit.FlowDroidRunner$2.run(FlowDroidRunner.java:144)
	at java.util.concurrent.ThreadPoolExecutor.runWorker(java.base@17.0.9/ThreadPoolExecutor.java:1136)
	at java.util.concurrent.ThreadPoolExecutor$Worker.run(java.base@17.0.9/ThreadPoolExecutor.java:635)
	at java.lang.Thread.run(java.base@17.0.9/Thread.java:840)

"Parallel Thread #4" #37 daemon prio=5 os_prio=0 cpu=33.40ms elapsed=6568.78s tid=0x00007f6c6c5f61f0 nid=0x29f80d in Object.wait()  [0x00007ea9c0b4b000]
   java.lang.Thread.State: WAITING (on object monitor)
	at java.lang.Object.wait(java.base@17.0.9/Native Method)
	- waiting on <0x00007eb14ca1ed38> (a java.lang.ProcessImpl)
	at java.lang.Object.wait(java.base@17.0.9/Object.java:338)
	at java.lang.ProcessImpl.waitFor(java.base@17.0.9/ProcessImpl.java:434)
	- locked <0x00007eb14ca1ed38> (a java.lang.ProcessImpl)
	at reproduction.dcidsubmit.FlowDroidRunner$2.run(FlowDroidRunner.java:144)
	at java.util.concurrent.ThreadPoolExecutor.runWorker(java.base@17.0.9/ThreadPoolExecutor.java:1136)
	at java.util.concurrent.ThreadPoolExecutor$Worker.run(java.base@17.0.9/ThreadPoolExecutor.java:635)
	at java.lang.Thread.run(java.base@17.0.9/Thread.java:840)

"Parallel Thread #5" #38 daemon prio=5 os_prio=0 cpu=30.61ms elapsed=6568.78s tid=0x00007f6c6c5f2620 nid=0x29f80e in Object.wait()  [0x00007ea9c0a4a000]
   java.lang.Thread.State: WAITING (on object monitor)
	at java.lang.Object.wait(java.base@17.0.9/Native Method)
	- waiting on <0x00007eb14cbe4ac0> (a java.lang.ProcessImpl)
	at java.lang.Object.wait(java.base@17.0.9/Object.java:338)
	at java.lang.ProcessImpl.waitFor(java.base@17.0.9/ProcessImpl.java:434)
	- locked <0x00007eb14cbe4ac0> (a java.lang.ProcessImpl)
	at reproduction.dcidsubmit.FlowDroidRunner$2.run(FlowDroidRunner.java:144)
	at java.util.concurrent.ThreadPoolExecutor.runWorker(java.base@17.0.9/ThreadPoolExecutor.java:1136)
	at java.util.concurrent.ThreadPoolExecutor$Worker.run(java.base@17.0.9/ThreadPoolExecutor.java:635)
	at java.lang.Thread.run(java.base@17.0.9/Thread.java:840)

"Parallel Thread #6" #39 daemon prio=5 os_prio=0 cpu=29.16ms elapsed=6568.78s tid=0x00007f6c6c5ee470 nid=0x29f80f in Object.wait()  [0x00007ea9c0949000]
   java.lang.Thread.State: WAITING (on object monitor)
	at java.lang.Object.wait(java.base@17.0.9/Native Method)
	- waiting on <0x00007eb14cdd8308> (a java.lang.ProcessImpl)
	at java.lang.Object.wait(java.base@17.0.9/Object.java:338)
	at java.lang.ProcessImpl.waitFor(java.base@17.0.9/ProcessImpl.java:434)
	- locked <0x00007eb14cdd8308> (a java.lang.ProcessImpl)
	at reproduction.dcidsubmit.FlowDroidRunner$2.run(FlowDroidRunner.java:144)
	at java.util.concurrent.ThreadPoolExecutor.runWorker(java.base@17.0.9/ThreadPoolExecutor.java:1136)
	at java.util.concurrent.ThreadPoolExecutor$Worker.run(java.base@17.0.9/ThreadPoolExecutor.java:635)
	at java.lang.Thread.run(java.base@17.0.9/Thread.java:840)

"Parallel Thread #7" #40 daemon prio=5 os_prio=0 cpu=18.50ms elapsed=6568.78s tid=0x00007f6c6c5ef4d0 nid=0x29f810 in Object.wait()  [0x00007ea9c0848000]
   java.lang.Thread.State: WAITING (on object monitor)
	at java.lang.Object.wait(java.base@17.0.9/Native Method)
	- waiting on <0x00007eb14cf92858> (a java.lang.ProcessImpl)
	at java.lang.Object.wait(java.base@17.0.9/Object.java:338)
	at java.lang.ProcessImpl.waitFor(java.base@17.0.9/ProcessImpl.java:434)
	- locked <0x00007eb14cf92858> (a java.lang.ProcessImpl)
	at reproduction.dcidsubmit.FlowDroidRunner$2.run(FlowDroidRunner.java:144)
	at java.util.concurrent.ThreadPoolExecutor.runWorker(java.base@17.0.9/ThreadPoolExecutor.java:1136)
	at java.util.concurrent.ThreadPoolExecutor$Worker.run(java.base@17.0.9/ThreadPoolExecutor.java:635)
	at java.lang.Thread.run(java.base@17.0.9/Thread.java:840)

"process reaper (pid 2765274)" #41 daemon prio=10 os_prio=0 cpu=8.13ms elapsed=6568.76s tid=0x00007ea90c019040 nid=0x29f81f runnable  [0x00007ea9c0da3000]
   java.lang.Thread.State: RUNNABLE
	at java.lang.ProcessHandleImpl.waitForProcessExit0(java.base@17.0.9/Native Method)
	at java.lang.ProcessHandleImpl$1.run(java.base@17.0.9/ProcessHandleImpl.java:150)
	at java.util.concurrent.ThreadPoolExecutor.runWorker(java.base@17.0.9/ThreadPoolExecutor.java:1136)
	at java.util.concurrent.ThreadPoolExecutor$Worker.run(java.base@17.0.9/ThreadPoolExecutor.java:635)
	at java.lang.Thread.run(java.base@17.0.9/Thread.java:840)

"process reaper (pid 2768422)" #47 daemon prio=10 os_prio=0 cpu=6.28ms elapsed=6568.76s tid=0x00007ea9180064f0 nid=0x29f820 runnable  [0x00007ea9c0d81000]
   java.lang.Thread.State: RUNNABLE
	at java.lang.ProcessHandleImpl.waitForProcessExit0(java.base@17.0.9/Native Method)
	at java.lang.ProcessHandleImpl$1.run(java.base@17.0.9/ProcessHandleImpl.java:150)
	at java.util.concurrent.ThreadPoolExecutor.runWorker(java.base@17.0.9/ThreadPoolExecutor.java:1136)
	at java.util.concurrent.ThreadPoolExecutor$Worker.run(java.base@17.0.9/ThreadPoolExecutor.java:635)
	at java.lang.Thread.run(java.base@17.0.9/Thread.java:840)

"process reaper (pid 2757747)" #42 daemon prio=10 os_prio=0 cpu=3.87ms elapsed=6568.76s tid=0x00007ea908003f30 nid=0x29f821 runnable  [0x00007ea9c0747000]
   java.lang.Thread.State: RUNNABLE
	at java.lang.ProcessHandleImpl.waitForProcessExit0(java.base@17.0.9/Native Method)
	at java.lang.ProcessHandleImpl$1.run(java.base@17.0.9/ProcessHandleImpl.java:150)
	at java.util.concurrent.ThreadPoolExecutor.runWorker(java.base@17.0.9/ThreadPoolExecutor.java:1136)
	at java.util.concurrent.ThreadPoolExecutor$Worker.run(java.base@17.0.9/ThreadPoolExecutor.java:635)
	at java.lang.Thread.run(java.base@17.0.9/Thread.java:840)

"process reaper (pid 2769673)" #44 daemon prio=10 os_prio=0 cpu=11.44ms elapsed=6568.76s tid=0x00007ea904003f00 nid=0x29f822 runnable  [0x00007ea9c0725000]
   java.lang.Thread.State: RUNNABLE
	at java.lang.ProcessHandleImpl.waitForProcessExit0(java.base@17.0.9/Native Method)
	at java.lang.ProcessHandleImpl$1.run(java.base@17.0.9/ProcessHandleImpl.java:150)
	at java.util.concurrent.ThreadPoolExecutor.runWorker(java.base@17.0.9/ThreadPoolExecutor.java:1136)
	at java.util.concurrent.ThreadPoolExecutor$Worker.run(java.base@17.0.9/ThreadPoolExecutor.java:635)
	at java.lang.Thread.run(java.base@17.0.9/Thread.java:840)

"process reaper (pid 2770554)" #45 daemon prio=10 os_prio=0 cpu=6.87ms elapsed=6568.76s tid=0x00007ea914004120 nid=0x29f823 runnable  [0x00007ea9c0703000]
   java.lang.Thread.State: RUNNABLE
	at java.lang.ProcessHandleImpl.waitForProcessExit0(java.base@17.0.9/Native Method)
	at java.lang.ProcessHandleImpl$1.run(java.base@17.0.9/ProcessHandleImpl.java:150)
	at java.util.concurrent.ThreadPoolExecutor.runWorker(java.base@17.0.9/ThreadPoolExecutor.java:1136)
	at java.util.concurrent.ThreadPoolExecutor$Worker.run(java.base@17.0.9/ThreadPoolExecutor.java:635)
	at java.lang.Thread.run(java.base@17.0.9/Thread.java:840)

"process reaper (pid 2750483)" #43 daemon prio=10 os_prio=0 cpu=0.20ms elapsed=6568.76s tid=0x00007ea920004b50 nid=0x29f824 runnable  [0x00007ea9c06e1000]
   java.lang.Thread.State: RUNNABLE
	at java.lang.ProcessHandleImpl.waitForProcessExit0(java.base@17.0.9/Native Method)
	at java.lang.ProcessHandleImpl$1.run(java.base@17.0.9/ProcessHandleImpl.java:150)
	at java.util.concurrent.ThreadPoolExecutor.runWorker(java.base@17.0.9/ThreadPoolExecutor.java:1136)
	at java.util.concurrent.ThreadPoolExecutor$Worker.run(java.base@17.0.9/ThreadPoolExecutor.java:635)
	at java.lang.Thread.run(java.base@17.0.9/Thread.java:840)

"process reaper (pid 2774439)" #46 daemon prio=10 os_prio=0 cpu=8.44ms elapsed=6568.76s tid=0x00007ea910009650 nid=0x29f825 runnable  [0x00007ea9c06bf000]
   java.lang.Thread.State: RUNNABLE
	at java.lang.ProcessHandleImpl.waitForProcessExit0(java.base@17.0.9/Native Method)
	at java.lang.ProcessHandleImpl$1.run(java.base@17.0.9/ProcessHandleImpl.java:150)
	at java.util.concurrent.ThreadPoolExecutor.runWorker(java.base@17.0.9/ThreadPoolExecutor.java:1136)
	at java.util.concurrent.ThreadPoolExecutor$Worker.run(java.base@17.0.9/ThreadPoolExecutor.java:635)
	at java.lang.Thread.run(java.base@17.0.9/Thread.java:840)

"VM Thread" os_prio=0 cpu=198.01ms elapsed=6569.13s tid=0x00007f6c6c301700 nid=0x29f7f5 runnable  

"GC Thread#0" os_prio=0 cpu=0.17ms elapsed=6569.15s tid=0x00007f6c6c09acc0 nid=0x29f7f0 runnable  

"G1 Main Marker" os_prio=0 cpu=0.18ms elapsed=6569.15s tid=0x00007f6c6c09c540 nid=0x29f7f1 runnable  

"G1 Conc#0" os_prio=0 cpu=0.12ms elapsed=6569.15s tid=0x00007f6c6c09d550 nid=0x29f7f2 runnable  

"G1 Refine#0" os_prio=0 cpu=0.23ms elapsed=6569.14s tid=0x00007f6c6c2b7d20 nid=0x29f7f3 runnable  

"G1 Service" os_prio=0 cpu=1191.00ms elapsed=6569.14s tid=0x00007f6c6c2b8c20 nid=0x29f7f4 runnable  

"VM Periodic Task Thread" os_prio=0 cpu=4091.82ms elapsed=6569.10s tid=0x00007f6c6c36ca80 nid=0x29f803 waiting on condition  

JNI global refs: 32, weak refs: 0

Heap
 garbage-first heap   total 2097152K, used 64227K [0x00007eb0d0000000, 0x00007f6c50000000)
  region size 32768K, 2 young (65536K), 0 survivors (0K)
 Metaspace       used 7538K, committed 7744K, reserved 1114112K
  class space    used 902K, committed 960K, reserved 1048576K

